<?xml version="1.0" encoding="UTF-8"?>
<coverage generated="1583157584638" clover="3.2.0">
  <project timestamp="1583157584638" name="All files">
    <metrics statements="9" coveredstatements="9" conditionals="9" coveredconditionals="4" methods="1" coveredmethods="1" elements="19" coveredelements="14" complexity="0" loc="9" ncloc="9" packages="1" files="1" classes="1"/>
    <file name="index.js" path="/Users/dylanrhodius/Documents/AND/training/and-workshop-automated-testing/lab-2-improve-code/src/index.js">
      <metrics statements="9" coveredstatements="9" conditionals="9" coveredconditionals="4" methods="1" coveredmethods="1"/>
      <line num="1" count="1" type="cond" truecount="0" falsecount="1"/>
      <line num="2" count="4" type="cond" truecount="1" falsecount="1"/>
      <line num="3" count="4" type="stmt"/>
      <line num="6" count="4" type="stmt"/>
      <line num="8" count="4" type="stmt"/>
      <line num="9" count="4" type="stmt"/>
      <line num="10" count="4" type="stmt"/>
      <line num="16" count="4" type="cond" truecount="1" falsecount="1"/>
      <line num="18" count="4" type="stmt"/>
    </file>
  </project>
</coverage>
