{"/Users/dylanrhodius/Documents/AND/training/and-workshop-automated-testing/lab-2-improve-code/src/index.js": {"path":"/Users/dylanrhodius/Documents/AND/training/and-workshop-automated-testing/lab-2-improve-code/src/index.js","statementMap":{"0":{"start":{"line":1,"column":0},"end":{"line":19,"column":2}},"1":{"start":{"line":2,"column":2},"end":{"line":4,"column":3}},"2":{"start":{"line":3,"column":4},"end":{"line":3,"column":12}},"3":{"start":{"line":6,"column":2},"end":{"line":6,"column":18}},"4":{"start":{"line":8,"column":2},"end":{"line":8,"column":12}},"5":{"start":{"line":9,"column":2},"end":{"line":14,"column":3}},"6":{"start":{"line":10,"column":4},"end":{"line":13,"column":89}},"7":{"start":{"line":16,"column":2},"end":{"line":16,"column":59}},"8":{"start":{"line":16,"column":35},"end":{"line":16,"column":59}},"9":{"start":{"line":18,"column":2},"end":{"line":18,"column":27}}},"fnMap":{"0":{"name":"greeting","decl":{"start":{"line":1,"column":26},"end":{"line":1,"column":34}},"loc":{"start":{"line":1,"column":52},"end":{"line":19,"column":1}},"line":1}},"branchMap":{"0":{"loc":{"start":{"line":1,"column":35},"end":{"line":1,"column":50}},"type":"default-arg","locations":[{"start":{"line":1,"column":39},"end":{"line":1,"column":50}}],"line":1},"1":{"loc":{"start":{"line":2,"column":2},"end":{"line":4,"column":3}},"type":"if","locations":[{"start":{"line":2,"column":2},"end":{"line":4,"column":3}},{"start":{"line":2,"column":2},"end":{"line":4,"column":3}}],"line":2},"2":{"loc":{"start":{"line":13,"column":7},"end":{"line":13,"column":87}},"type":"cond-expr","locations":[{"start":{"line":13,"column":37},"end":{"line":13,"column":45}},{"start":{"line":13,"column":48},"end":{"line":13,"column":87}}],"line":13},"3":{"loc":{"start":{"line":13,"column":48},"end":{"line":13,"column":87}},"type":"cond-expr","locations":[{"start":{"line":13,"column":78},"end":{"line":13,"column":80}},{"start":{"line":13,"column":83},"end":{"line":13,"column":87}}],"line":13},"4":{"loc":{"start":{"line":16,"column":2},"end":{"line":16,"column":59}},"type":"if","locations":[{"start":{"line":16,"column":2},"end":{"line":16,"column":59}},{"start":{"line":16,"column":2},"end":{"line":16,"column":59}}],"line":16}},"s":{"0":1,"1":4,"2":4,"3":4,"4":4,"5":4,"6":4,"7":4,"8":0,"9":4},"f":{"0":4},"b":{"0":[0],"1":[4,0],"2":[0,4],"3":[4,0],"4":[0,4]},"_coverageSchema":"43e27e138ebf9cfc5966b082cf9a028302ed4184","hash":"8b2a46bf8d94b4ea16c2ef7b6a9a0df3c3839aad"}
}
