{"/Users/dylanrhodius/Documents/AND/training/and-workshop-automated-testing/lab-2-improve-code/src/index.js": {"path":"/Users/dylanrhodius/Documents/AND/training/and-workshop-automated-testing/lab-2-improve-code/src/index.js","statementMap":{"0":{"start":{"line":1,"column":0},"end":{"line":17,"column":2}},"1":{"start":{"line":2,"column":2},"end":{"line":4,"column":3}},"2":{"start":{"line":3,"column":4},"end":{"line":3,"column":12}},"3":{"start":{"line":6,"column":13},"end":{"line":6,"column":15}},"4":{"start":{"line":7,"column":2},"end":{"line":12,"column":3}},"5":{"start":{"line":8,"column":4},"end":{"line":11,"column":89}},"6":{"start":{"line":14,"column":2},"end":{"line":14,"column":59}},"7":{"start":{"line":14,"column":35},"end":{"line":14,"column":59}},"8":{"start":{"line":16,"column":2},"end":{"line":16,"column":27}}},"fnMap":{"0":{"name":"greeting","decl":{"start":{"line":1,"column":26},"end":{"line":1,"column":34}},"loc":{"start":{"line":1,"column":52},"end":{"line":17,"column":1}},"line":1}},"branchMap":{"0":{"loc":{"start":{"line":1,"column":35},"end":{"line":1,"column":50}},"type":"default-arg","locations":[{"start":{"line":1,"column":39},"end":{"line":1,"column":50}}],"line":1},"1":{"loc":{"start":{"line":2,"column":2},"end":{"line":4,"column":3}},"type":"if","locations":[{"start":{"line":2,"column":2},"end":{"line":4,"column":3}},{"start":{"line":2,"column":2},"end":{"line":4,"column":3}}],"line":2},"2":{"loc":{"start":{"line":11,"column":7},"end":{"line":11,"column":87}},"type":"cond-expr","locations":[{"start":{"line":11,"column":37},"end":{"line":11,"column":45}},{"start":{"line":11,"column":48},"end":{"line":11,"column":87}}],"line":11},"3":{"loc":{"start":{"line":11,"column":48},"end":{"line":11,"column":87}},"type":"cond-expr","locations":[{"start":{"line":11,"column":78},"end":{"line":11,"column":80}},{"start":{"line":11,"column":83},"end":{"line":11,"column":87}}],"line":11},"4":{"loc":{"start":{"line":14,"column":2},"end":{"line":14,"column":59}},"type":"if","locations":[{"start":{"line":14,"column":2},"end":{"line":14,"column":59}},{"start":{"line":14,"column":2},"end":{"line":14,"column":59}}],"line":14}},"s":{"0":1,"1":5,"2":3,"3":5,"4":5,"5":8,"6":5,"7":1,"8":4},"f":{"0":5},"b":{"0":[1],"1":[3,2],"2":[2,6],"3":[5,1],"4":[1,4]},"_coverageSchema":"43e27e138ebf9cfc5966b082cf9a028302ed4184","hash":"c9b1104332cf3c91c9ac0db45383ac3c369c882b"}
}
